Using pre-set license
Built from '2020.3/release' branch; Version is '2020.3.7f1 (dd97f2c94397) revision 14522354'; Using compiler version '192528614'; Build Type 'Release'
OS: 'Windows 10 Pro; OS build 19042.1348; Version 2009; 64bit' Language: 'ja' Physical Memory: 32702 MB
BatchMode: 1, IsHumanControllingUs: 0, StartBugReporterOnCrash: 0, Is64bit: 1, IsPro: 0

 COMMAND LINE ARGUMENTS:
D:\Unity\2020.3.7f1\Editor\Unity.exe
-adb2
-batchMode
-noUpm
-name
AssetImportWorker2
-projectPath
D:/Unity/Project/DragonQuest
-logFile
Logs/AssetImportWorker2.log
-srvPort
57895
Successfully changed project path to: D:/Unity/Project/DragonQuest
D:/Unity/Project/DragonQuest
Using Asset Import Pipeline V2.
Refreshing native plugins compatible for Editor in 56.64 ms, found 1 plugins.
Preloading 0 native plugins for Editor in 0.00 ms.
Initialize engine version: 2020.3.7f1 (dd97f2c94397)
[Subsystems] Discovering subsystems at path D:/Unity/2020.3.7f1/Editor/Data/Resources/UnitySubsystems
[Subsystems] Discovering subsystems at path D:/Unity/Project/DragonQuest/Assets
GfxDevice: creating device client; threaded=0
Direct3D:
    Version:  Direct3D 11.0 [level 11.1]
    Renderer: Radeon RX 5500 XT (ID=0x7340)
    Vendor:   
    VRAM:     8151 MB
    Driver:   27.20.22025.1006
Initialize mono
Mono path[0] = 'D:/Unity/2020.3.7f1/Editor/Data/Managed'
Mono path[1] = 'D:/Unity/2020.3.7f1/Editor/Data/MonoBleedingEdge/lib/mono/unityjit'
Mono config path = 'D:/Unity/2020.3.7f1/Editor/Data/MonoBleedingEdge/etc'
Using monoOptions --debugger-agent=transport=dt_socket,embedding=1,server=y,suspend=n,address=127.0.0.1:56792
Begin MonoManager ReloadAssembly
Registering precompiled unity dll's ...
Register platform support module: D:/Unity/2020.3.7f1/Editor/Data/PlaybackEngines/WebGLSupport/UnityEditor.WebGL.Extensions.dll
Register platform support module: D:/Unity/2020.3.7f1/Editor/Data/PlaybackEngines/WindowsStandaloneSupport/UnityEditor.WindowsStandalone.Extensions.dll
Registered in 0.001330 seconds.
Native extension for WindowsStandalone target not found
Native extension for WebGL target not found
Refreshing native plugins compatible for Editor in 63.49 ms, found 1 plugins.
Preloading 0 native plugins for Editor in 0.00 ms.
Mono: successfully reloaded assembly
- Completed reload, in  1.720 seconds
Platform modules already initialized, skipping
Registering precompiled user dll's ...
Registered in 0.001145 seconds.
Begin MonoManager ReloadAssembly
Native extension for WindowsStandalone target not found
Native extension for WebGL target not found
Refreshing native plugins compatible for Editor in 59.55 ms, found 1 plugins.
Preloading 0 native plugins for Editor in 0.00 ms.
Mono: successfully reloaded assembly
- Completed reload, in  1.095 seconds
Platform modules already initialized, skipping
========================================================================
Worker process is ready to serve import requests
Launched and connected shader compiler UnityShaderCompiler.exe after 0.12 seconds
Refreshing native plugins compatible for Editor in 0.61 ms, found 1 plugins.
Preloading 0 native plugins for Editor in 0.00 ms.
Unloading 1823 Unused Serialized files (Serialized files now loaded: 0)
System memory in use before: 88.0 MB.
System memory in use after: 88.0 MB.

Unloading 23 unused Assets to reduce memory usage. Loaded Objects now: 2267.
Total: 2.897300 ms (FindLiveObjects: 0.254600 ms CreateObjectMapping: 0.062200 ms MarkObjects: 2.427900 ms  DeleteObjects: 0.151100 ms)

========================================================================
Received Import Request.
  path: Assets/Scenes/Castle1-1.unity
  artifactKey: Guid(5b2f18d91b9faa94c8900c7fed457ea0) Importer(815301076,1909f56bfc062723c751e8b465ee728b)
Start importing Assets/Scenes/Castle1-1.unity using Guid(5b2f18d91b9faa94c8900c7fed457ea0) Importer(815301076,1909f56bfc062723c751e8b465ee728b)  -> (artifact id: '71ebbe4891b38cebc40ec40255d900f0') in 0.032272 seconds
  Import took 0.093061 seconds .

========================================================================
Received Import Request.
  Time since last request: 0.000285 seconds.
  path: Assets/Scenes/Town1.unity
  artifactKey: Guid(291bda1c8bffe504aa363234dcace6ce) Importer(815301076,1909f56bfc062723c751e8b465ee728b)
Start importing Assets/Scenes/Town1.unity using Guid(291bda1c8bffe504aa363234dcace6ce) Importer(815301076,1909f56bfc062723c751e8b465ee728b)  -> (artifact id: '8bab870833bba1e4dd5d35f8496c5ea5') in 0.036441 seconds
  Import took 0.062084 seconds .

========================================================================
Received Import Request.
  Time since last request: 0.000217 seconds.
  path: Assets/Scenes/Field.unity
  artifactKey: Guid(d528a6dc8012e8d40a96522daf6bc431) Importer(815301076,1909f56bfc062723c751e8b465ee728b)
Start importing Assets/Scenes/Field.unity using Guid(d528a6dc8012e8d40a96522daf6bc431) Importer(815301076,1909f56bfc062723c751e8b465ee728b)  -> (artifact id: '94e313933f004821428ec40cb7abf753') in 0.008741 seconds
  Import took 0.056903 seconds .

========================================================================
Received Prepare
Registering precompiled user dll's ...
Registered in 0.001079 seconds.
Begin MonoManager ReloadAssembly
Native extension for WindowsStandalone target not found
Native extension for WebGL target not found
Refreshing native plugins compatible for Editor in 0.85 ms, found 1 plugins.
Preloading 0 native plugins for Editor in 0.00 ms.
Mono: successfully reloaded assembly
- Completed reload, in  0.979 seconds
Platform modules already initialized, skipping
Refreshing native plugins compatible for Editor in 0.66 ms, found 1 plugins.
Preloading 0 native plugins for Editor in 0.00 ms.
Unloading 1817 Unused Serialized files (Serialized files now loaded: 0)
System memory in use before: 87.8 MB.
System memory in use after: 87.9 MB.

Unloading 11 unused Assets to reduce memory usage. Loaded Objects now: 2271.
Total: 2.297100 ms (FindLiveObjects: 0.259100 ms CreateObjectMapping: 0.049600 ms MarkObjects: 1.882600 ms  DeleteObjects: 0.104700 ms)

========================================================================
Received Prepare
Registering precompiled user dll's ...
Registered in 0.001026 seconds.
Begin MonoManager ReloadAssembly
Native extension for WindowsStandalone target not found
Native extension for WebGL target not found
Refreshing native plugins compatible for Editor in 0.62 ms, found 1 plugins.
Preloading 0 native plugins for Editor in 0.00 ms.
Mono: successfully reloaded assembly
- Completed reload, in  0.957 seconds
Platform modules already initialized, skipping
Refreshing native plugins compatible for Editor in 0.61 ms, found 1 plugins.
Preloading 0 native plugins for Editor in 0.00 ms.
Unloading 1817 Unused Serialized files (Serialized files now loaded: 0)
System memory in use before: 87.9 MB.
System memory in use after: 87.9 MB.

Unloading 11 unused Assets to reduce memory usage. Loaded Objects now: 2275.
Total: 2.348600 ms (FindLiveObjects: 0.217500 ms CreateObjectMapping: 0.049000 ms MarkObjects: 1.969300 ms  DeleteObjects: 0.111600 ms)

========================================================================
Received Prepare
Registering precompiled user dll's ...
Registered in 0.001593 seconds.
Begin MonoManager ReloadAssembly
Native extension for WindowsStandalone target not found
Native extension for WebGL target not found
Refreshing native plugins compatible for Editor in 0.89 ms, found 1 plugins.
Preloading 0 native plugins for Editor in 0.00 ms.
Mono: successfully reloaded assembly
- Completed reload, in  1.035 seconds
Platform modules already initialized, skipping
Refreshing native plugins compatible for Editor in 0.67 ms, found 1 plugins.
Preloading 0 native plugins for Editor in 0.00 ms.
Unloading 1817 Unused Serialized files (Serialized files now loaded: 0)
System memory in use before: 87.9 MB.
System memory in use after: 87.9 MB.

Unloading 11 unused Assets to reduce memory usage. Loaded Objects now: 2279.
Total: 2.273300 ms (FindLiveObjects: 0.227100 ms CreateObjectMapping: 0.048400 ms MarkObjects: 1.891100 ms  DeleteObjects: 0.105500 ms)

========================================================================
Received Prepare
Registering precompiled user dll's ...
Registered in 0.001115 seconds.
Begin MonoManager ReloadAssembly
Native extension for WindowsStandalone target not found
Native extension for WebGL target not found
Refreshing native plugins compatible for Editor in 0.65 ms, found 1 plugins.
Preloading 0 native plugins for Editor in 0.00 ms.
Mono: successfully reloaded assembly
- Completed reload, in  0.966 seconds
Platform modules already initialized, skipping
Refreshing native plugins compatible for Editor in 0.59 ms, found 1 plugins.
Preloading 0 native plugins for Editor in 0.00 ms.
Unloading 1817 Unused Serialized files (Serialized files now loaded: 0)
System memory in use before: 87.9 MB.
System memory in use after: 87.9 MB.

Unloading 11 unused Assets to reduce memory usage. Loaded Objects now: 2283.
Total: 2.914800 ms (FindLiveObjects: 0.272200 ms CreateObjectMapping: 0.066400 ms MarkObjects: 2.436100 ms  DeleteObjects: 0.138500 ms)

========================================================================
Received Prepare
Registering precompiled user dll's ...
Registered in 0.001384 seconds.
Begin MonoManager ReloadAssembly
Native extension for WindowsStandalone target not found
Native extension for WebGL target not found
Refreshing native plugins compatible for Editor in 0.64 ms, found 1 plugins.
Preloading 0 native plugins for Editor in 0.00 ms.
Mono: successfully reloaded assembly
- Completed reload, in  1.001 seconds
Platform modules already initialized, skipping
Refreshing native plugins compatible for Editor in 0.64 ms, found 1 plugins.
Preloading 0 native plugins for Editor in 0.00 ms.
Unloading 1817 Unused Serialized files (Serialized files now loaded: 0)
System memory in use before: 88.0 MB.
System memory in use after: 88.0 MB.

Unloading 11 unused Assets to reduce memory usage. Loaded Objects now: 2287.
Total: 2.701000 ms (FindLiveObjects: 0.255200 ms CreateObjectMapping: 0.066300 ms MarkObjects: 2.259000 ms  DeleteObjects: 0.119200 ms)

========================================================================
Received Prepare
Registering precompiled user dll's ...
Registered in 0.001324 seconds.
Begin MonoManager ReloadAssembly
Native extension for WindowsStandalone target not found
Native extension for WebGL target not found
Refreshing native plugins compatible for Editor in 0.73 ms, found 1 plugins.
Preloading 0 native plugins for Editor in 0.00 ms.
Mono: successfully reloaded assembly
- Completed reload, in  0.947 seconds
Platform modules already initialized, skipping
Refreshing native plugins compatible for Editor in 0.60 ms, found 1 plugins.
Preloading 0 native plugins for Editor in 0.00 ms.
Unloading 1817 Unused Serialized files (Serialized files now loaded: 0)
System memory in use before: 88.0 MB.
System memory in use after: 88.0 MB.

Unloading 11 unused Assets to reduce memory usage. Loaded Objects now: 2291.
Total: 2.516000 ms (FindLiveObjects: 0.494000 ms CreateObjectMapping: 0.060900 ms MarkObjects: 1.850500 ms  DeleteObjects: 0.109500 ms)

========================================================================
Received Prepare
Registering precompiled user dll's ...
Registered in 0.001118 seconds.
Begin MonoManager ReloadAssembly
Native extension for WindowsStandalone target not found
Native extension for WebGL target not found
Refreshing native plugins compatible for Editor in 0.68 ms, found 1 plugins.
Preloading 0 native plugins for Editor in 0.00 ms.
Mono: successfully reloaded assembly
- Completed reload, in  0.989 seconds
Platform modules already initialized, skipping
Refreshing native plugins compatible for Editor in 0.62 ms, found 1 plugins.
Preloading 0 native plugins for Editor in 0.00 ms.
Unloading 1817 Unused Serialized files (Serialized files now loaded: 0)
System memory in use before: 88.0 MB.
System memory in use after: 88.0 MB.

Unloading 11 unused Assets to reduce memory usage. Loaded Objects now: 2295.
Total: 2.634700 ms (FindLiveObjects: 0.271000 ms CreateObjectMapping: 0.049900 ms MarkObjects: 2.182900 ms  DeleteObjects: 0.129200 ms)

========================================================================
Received Prepare
Registering precompiled user dll's ...
Registered in 0.001325 seconds.
Begin MonoManager ReloadAssembly
Native extension for WindowsStandalone target not found
Native extension for WebGL target not found
Refreshing native plugins compatible for Editor in 0.62 ms, found 1 plugins.
Preloading 0 native plugins for Editor in 0.00 ms.
Mono: successfully reloaded assembly
- Completed reload, in  0.973 seconds
Platform modules already initialized, skipping
Refreshing native plugins compatible for Editor in 0.63 ms, found 1 plugins.
Preloading 0 native plugins for Editor in 0.00 ms.
Unloading 1817 Unused Serialized files (Serialized files now loaded: 0)
System memory in use before: 88.0 MB.
System memory in use after: 88.0 MB.

Unloading 11 unused Assets to reduce memory usage. Loaded Objects now: 2299.
Total: 2.333700 ms (FindLiveObjects: 0.245700 ms CreateObjectMapping: 0.066500 ms MarkObjects: 1.918800 ms  DeleteObjects: 0.101400 ms)

========================================================================
Received Prepare
Registering precompiled user dll's ...
Registered in 0.001398 seconds.
Begin MonoManager ReloadAssembly
Native extension for WindowsStandalone target not found
Native extension for WebGL target not found
Refreshing native plugins compatible for Editor in 0.65 ms, found 1 plugins.
Preloading 0 native plugins for Editor in 0.00 ms.
Mono: successfully reloaded assembly
- Completed reload, in  0.971 seconds
Platform modules already initialized, skipping
Refreshing native plugins compatible for Editor in 0.66 ms, found 1 plugins.
Preloading 0 native plugins for Editor in 0.00 ms.
Unloading 1817 Unused Serialized files (Serialized files now loaded: 0)
System memory in use before: 88.0 MB.
System memory in use after: 88.0 MB.

Unloading 11 unused Assets to reduce memory usage. Loaded Objects now: 2303.
Total: 2.347400 ms (FindLiveObjects: 0.253400 ms CreateObjectMapping: 0.054700 ms MarkObjects: 1.927300 ms  DeleteObjects: 0.110800 ms)

========================================================================
Received Import Request.
  Time since last request: 2986.378005 seconds.
  path: Assets/Scripts/Monster/MonsterBase.cs
  artifactKey: Guid(ab07832d95f58c140a2ef97de26954b4) Importer(815301076,1909f56bfc062723c751e8b465ee728b)
Start importing Assets/Scripts/Monster/MonsterBase.cs using Guid(ab07832d95f58c140a2ef97de26954b4) Importer(815301076,1909f56bfc062723c751e8b465ee728b)  -> (artifact id: 'f071cf691155b2e644e3baf3593ccd82') in 0.051559 seconds
  Import took 0.055463 seconds .

========================================================================
Received Import Request.
  Time since last request: 8.289259 seconds.
  path: Assets/Scripts/Monster/Monster.cs
  artifactKey: Guid(aeacaa98bb89b264d9c37df01053add2) Importer(815301076,1909f56bfc062723c751e8b465ee728b)
Start importing Assets/Scripts/Monster/Monster.cs using Guid(aeacaa98bb89b264d9c37df01053add2) Importer(815301076,1909f56bfc062723c751e8b465ee728b)  -> (artifact id: '43edfcc05502582f3c8dae495eaef4a3') in 0.020050 seconds
  Import took 0.040917 seconds .

========================================================================
Received Prepare
Registering precompiled user dll's ...
Registered in 0.001065 seconds.
Begin MonoManager ReloadAssembly
Native extension for WindowsStandalone target not found
Native extension for WebGL target not found
Refreshing native plugins compatible for Editor in 0.63 ms, found 1 plugins.
Preloading 0 native plugins for Editor in 0.00 ms.
Mono: successfully reloaded assembly
- Completed reload, in  0.957 seconds
Platform modules already initialized, skipping
Refreshing native plugins compatible for Editor in 0.62 ms, found 1 plugins.
Preloading 0 native plugins for Editor in 0.00 ms.
Unloading 1817 Unused Serialized files (Serialized files now loaded: 0)
System memory in use before: 88.0 MB.
System memory in use after: 88.0 MB.

Unloading 11 unused Assets to reduce memory usage. Loaded Objects now: 2307.
Total: 3.187300 ms (FindLiveObjects: 0.366200 ms CreateObjectMapping: 0.063400 ms MarkObjects: 2.626700 ms  DeleteObjects: 0.128100 ms)

========================================================================
Received Prepare
Registering precompiled user dll's ...
Registered in 0.001191 seconds.
Begin MonoManager ReloadAssembly
Native extension for WindowsStandalone target not found
Native extension for WebGL target not found
Refreshing native plugins compatible for Editor in 0.65 ms, found 1 plugins.
Preloading 0 native plugins for Editor in 0.00 ms.
Mono: successfully reloaded assembly
- Completed reload, in  1.032 seconds
Platform modules already initialized, skipping
Refreshing native plugins compatible for Editor in 0.65 ms, found 1 plugins.
Preloading 0 native plugins for Editor in 0.00 ms.
Unloading 1817 Unused Serialized files (Serialized files now loaded: 0)
System memory in use before: 88.0 MB.
System memory in use after: 88.0 MB.

Unloading 11 unused Assets to reduce memory usage. Loaded Objects now: 2311.
Total: 3.120500 ms (FindLiveObjects: 0.359000 ms CreateObjectMapping: 0.070900 ms MarkObjects: 2.543800 ms  DeleteObjects: 0.143000 ms)

========================================================================
Received Import Request.
  Time since last request: 290.166301 seconds.
  path: Assets/Game/Resources/Map/Castle1 1.asset
  artifactKey: Guid(932021265bf37874498c1daef6bebd08) Importer(815301076,1909f56bfc062723c751e8b465ee728b)
Start importing Assets/Game/Resources/Map/Castle1 1.asset using Guid(932021265bf37874498c1daef6bebd08) Importer(815301076,1909f56bfc062723c751e8b465ee728b)  -> (artifact id: '87d91b79add331f883c4aa4de31a32a4') in 0.032291 seconds
  Import took 0.047673 seconds .

========================================================================
Received Import Request.
  Time since last request: 5.552828 seconds.
  path: Assets/Game/Resources/Map/Field.asset
  artifactKey: Guid(932021265bf37874498c1daef6bebd08) Importer(815301076,1909f56bfc062723c751e8b465ee728b)
Start importing Assets/Game/Resources/Map/Field.asset using Guid(932021265bf37874498c1daef6bebd08) Importer(815301076,1909f56bfc062723c751e8b465ee728b)  -> (artifact id: '69d42a46ee7e16999f346078aac95b47') in 0.009408 seconds
  Import took 0.029062 seconds .

========================================================================
Received Prepare
Registering precompiled user dll's ...
Registered in 0.001078 seconds.
Begin MonoManager ReloadAssembly
Native extension for WindowsStandalone target not found
Native extension for WebGL target not found
Refreshing native plugins compatible for Editor in 0.62 ms, found 1 plugins.
Preloading 0 native plugins for Editor in 0.00 ms.
Mono: successfully reloaded assembly
- Completed reload, in  1.027 seconds
Platform modules already initialized, skipping
Refreshing native plugins compatible for Editor in 0.82 ms, found 1 plugins.
Preloading 0 native plugins for Editor in 0.00 ms.
Unloading 1817 Unused Serialized files (Serialized files now loaded: 0)
System memory in use before: 88.0 MB.
System memory in use after: 88.1 MB.

Unloading 11 unused Assets to reduce memory usage. Loaded Objects now: 2315.
Total: 3.357900 ms (FindLiveObjects: 0.335500 ms CreateObjectMapping: 0.051000 ms MarkObjects: 2.844000 ms  DeleteObjects: 0.125700 ms)

========================================================================
Received Prepare
Registering precompiled user dll's ...
Registered in 0.001374 seconds.
Begin MonoManager ReloadAssembly
Native extension for WindowsStandalone target not found
Native extension for WebGL target not found
Refreshing native plugins compatible for Editor in 0.69 ms, found 1 plugins.
Preloading 0 native plugins for Editor in 0.00 ms.
Mono: successfully reloaded assembly
- Completed reload, in  1.029 seconds
Platform modules already initialized, skipping
Refreshing native plugins compatible for Editor in 0.66 ms, found 1 plugins.
Preloading 0 native plugins for Editor in 0.00 ms.
Unloading 1817 Unused Serialized files (Serialized files now loaded: 0)
System memory in use before: 88.0 MB.
System memory in use after: 88.1 MB.

Unloading 11 unused Assets to reduce memory usage. Loaded Objects now: 2319.
Total: 2.975800 ms (FindLiveObjects: 0.260400 ms CreateObjectMapping: 0.049800 ms MarkObjects: 2.531000 ms  DeleteObjects: 0.133100 ms)

========================================================================
Received Import Request.
  Time since last request: 290.981438 seconds.
  path: Assets/Scenes/Field.unity
  artifactKey: Guid(d528a6dc8012e8d40a96522daf6bc431) Importer(815301076,1909f56bfc062723c751e8b465ee728b)
Start importing Assets/Scenes/Field.unity using Guid(d528a6dc8012e8d40a96522daf6bc431) Importer(815301076,1909f56bfc062723c751e8b465ee728b)  -> (artifact id: '3d99739820f9990f1afc0dadd3f3debb') in 0.021408 seconds
  Import took 0.025171 seconds .

========================================================================
Received Prepare
Registering precompiled user dll's ...
Registered in 0.001107 seconds.
Begin MonoManager ReloadAssembly
Native extension for WindowsStandalone target not found
Native extension for WebGL target not found
Refreshing native plugins compatible for Editor in 1.00 ms, found 1 plugins.
Preloading 0 native plugins for Editor in 0.00 ms.
Mono: successfully reloaded assembly
- Completed reload, in  1.172 seconds
Platform modules already initialized, skipping
Refreshing native plugins compatible for Editor in 0.61 ms, found 1 plugins.
Preloading 0 native plugins for Editor in 0.00 ms.
Unloading 1817 Unused Serialized files (Serialized files now loaded: 0)
System memory in use before: 88.1 MB.
System memory in use after: 88.1 MB.

Unloading 11 unused Assets to reduce memory usage. Loaded Objects now: 2323.
Total: 2.657300 ms (FindLiveObjects: 0.264200 ms CreateObjectMapping: 0.052800 ms MarkObjects: 2.215000 ms  DeleteObjects: 0.123800 ms)

========================================================================
Received Prepare
Registering precompiled user dll's ...
Registered in 0.001205 seconds.
Begin MonoManager ReloadAssembly
Native extension for WindowsStandalone target not found
Native extension for WebGL target not found
Refreshing native plugins compatible for Editor in 0.66 ms, found 1 plugins.
Preloading 0 native plugins for Editor in 0.00 ms.
Mono: successfully reloaded assembly
- Completed reload, in  1.035 seconds
Platform modules already initialized, skipping
Refreshing native plugins compatible for Editor in 0.66 ms, found 1 plugins.
Preloading 0 native plugins for Editor in 0.00 ms.
Unloading 1817 Unused Serialized files (Serialized files now loaded: 0)
System memory in use before: 88.1 MB.
System memory in use after: 88.1 MB.

Unloading 11 unused Assets to reduce memory usage. Loaded Objects now: 2327.
Total: 2.680100 ms (FindLiveObjects: 0.248400 ms CreateObjectMapping: 0.051800 ms MarkObjects: 2.249100 ms  DeleteObjects: 0.129000 ms)

========================================================================
Received Prepare
Registering precompiled user dll's ...
Registered in 0.001097 seconds.
Begin MonoManager ReloadAssembly
Native extension for WindowsStandalone target not found
Native extension for WebGL target not found
Refreshing native plugins compatible for Editor in 0.65 ms, found 1 plugins.
Preloading 0 native plugins for Editor in 0.00 ms.
Mono: successfully reloaded assembly
- Completed reload, in  1.131 seconds
Platform modules already initialized, skipping
Refreshing native plugins compatible for Editor in 1.17 ms, found 1 plugins.
Preloading 0 native plugins for Editor in 0.00 ms.
Unloading 1817 Unused Serialized files (Serialized files now loaded: 0)
System memory in use before: 88.1 MB.
System memory in use after: 88.1 MB.

Unloading 11 unused Assets to reduce memory usage. Loaded Objects now: 2331.
Total: 3.252600 ms (FindLiveObjects: 0.294100 ms CreateObjectMapping: 0.050100 ms MarkObjects: 2.764800 ms  DeleteObjects: 0.141700 ms)

========================================================================
Received Prepare
Registering precompiled user dll's ...
Registered in 0.001089 seconds.
Begin MonoManager ReloadAssembly
Native extension for WindowsStandalone target not found
Native extension for WebGL target not found
Refreshing native plugins compatible for Editor in 0.65 ms, found 1 plugins.
Preloading 0 native plugins for Editor in 0.00 ms.
Mono: successfully reloaded assembly
- Completed reload, in  1.018 seconds
Platform modules already initialized, skipping
Refreshing native plugins compatible for Editor in 0.64 ms, found 1 plugins.
Preloading 0 native plugins for Editor in 0.00 ms.
Unloading 1817 Unused Serialized files (Serialized files now loaded: 0)
System memory in use before: 88.1 MB.
System memory in use after: 88.1 MB.

Unloading 11 unused Assets to reduce memory usage. Loaded Objects now: 2335.
Total: 2.840500 ms (FindLiveObjects: 0.367900 ms CreateObjectMapping: 0.089000 ms MarkObjects: 2.255100 ms  DeleteObjects: 0.127200 ms)

========================================================================
Received Prepare
Registering precompiled user dll's ...
Registered in 0.001105 seconds.
Begin MonoManager ReloadAssembly
Native extension for WindowsStandalone target not found
Native extension for WebGL target not found
Refreshing native plugins compatible for Editor in 0.62 ms, found 1 plugins.
Preloading 0 native plugins for Editor in 0.00 ms.
Mono: successfully reloaded assembly
- Completed reload, in  0.984 seconds
Platform modules already initialized, skipping
Refreshing native plugins compatible for Editor in 1.08 ms, found 1 plugins.
Preloading 0 native plugins for Editor in 0.00 ms.
Unloading 1817 Unused Serialized files (Serialized files now loaded: 0)
System memory in use before: 88.1 MB.
System memory in use after: 88.1 MB.

Unloading 11 unused Assets to reduce memory usage. Loaded Objects now: 2339.
Total: 2.720000 ms (FindLiveObjects: 0.363100 ms CreateObjectMapping: 0.083800 ms MarkObjects: 2.140700 ms  DeleteObjects: 0.130900 ms)

========================================================================
Received Prepare
Registering precompiled user dll's ...
Registered in 0.001624 seconds.
Begin MonoManager ReloadAssembly
Native extension for WindowsStandalone target not found
Native extension for WebGL target not found
Refreshing native plugins compatible for Editor in 0.87 ms, found 1 plugins.
Preloading 0 native plugins for Editor in 0.00 ms.
Mono: successfully reloaded assembly
- Completed reload, in  1.020 seconds
Platform modules already initialized, skipping
Refreshing native plugins compatible for Editor in 0.63 ms, found 1 plugins.
Preloading 0 native plugins for Editor in 0.00 ms.
Unloading 1817 Unused Serialized files (Serialized files now loaded: 0)
System memory in use before: 88.1 MB.
System memory in use after: 88.1 MB.

Unloading 11 unused Assets to reduce memory usage. Loaded Objects now: 2343.
Total: 2.669700 ms (FindLiveObjects: 0.320600 ms CreateObjectMapping: 0.051300 ms MarkObjects: 2.161300 ms  DeleteObjects: 0.134300 ms)

========================================================================
Received Prepare
Registering precompiled user dll's ...
Registered in 0.001333 seconds.
Begin MonoManager ReloadAssembly
Native extension for WindowsStandalone target not found
Native extension for WebGL target not found
Refreshing native plugins compatible for Editor in 0.63 ms, found 1 plugins.
Preloading 0 native plugins for Editor in 0.00 ms.
Mono: successfully reloaded assembly
- Completed reload, in  0.970 seconds
Platform modules already initialized, skipping
Refreshing native plugins compatible for Editor in 0.62 ms, found 1 plugins.
Preloading 0 native plugins for Editor in 0.00 ms.
Unloading 1817 Unused Serialized files (Serialized files now loaded: 0)
System memory in use before: 88.1 MB.
System memory in use after: 88.1 MB.

Unloading 11 unused Assets to reduce memory usage. Loaded Objects now: 2347.
Total: 2.829600 ms (FindLiveObjects: 0.275300 ms CreateObjectMapping: 0.053300 ms MarkObjects: 2.332900 ms  DeleteObjects: 0.166500 ms)

========================================================================
Received Prepare
Registering precompiled user dll's ...
Registered in 0.001083 seconds.
Begin MonoManager ReloadAssembly
Native extension for WindowsStandalone target not found
Native extension for WebGL target not found
Refreshing native plugins compatible for Editor in 0.92 ms, found 1 plugins.
Preloading 0 native plugins for Editor in 0.00 ms.
Mono: successfully reloaded assembly
- Completed reload, in  0.967 seconds
Platform modules already initialized, skipping
Refreshing native plugins compatible for Editor in 0.61 ms, found 1 plugins.
Preloading 0 native plugins for Editor in 0.00 ms.
Unloading 1817 Unused Serialized files (Serialized files now loaded: 0)
System memory in use before: 88.1 MB.
System memory in use after: 88.1 MB.

Unloading 11 unused Assets to reduce memory usage. Loaded Objects now: 2351.
Total: 2.957500 ms (FindLiveObjects: 0.374600 ms CreateObjectMapping: 0.096700 ms MarkObjects: 2.366800 ms  DeleteObjects: 0.118100 ms)

========================================================================
Received Prepare
Registering precompiled user dll's ...
Registered in 0.001126 seconds.
Begin MonoManager ReloadAssembly
Native extension for WindowsStandalone target not found
Native extension for WebGL target not found
Refreshing native plugins compatible for Editor in 0.64 ms, found 1 plugins.
Preloading 0 native plugins for Editor in 0.00 ms.
Mono: successfully reloaded assembly
- Completed reload, in  1.009 seconds
Platform modules already initialized, skipping
Refreshing native plugins compatible for Editor in 0.62 ms, found 1 plugins.
Preloading 0 native plugins for Editor in 0.00 ms.
Unloading 1817 Unused Serialized files (Serialized files now loaded: 0)
System memory in use before: 88.1 MB.
System memory in use after: 88.2 MB.

Unloading 11 unused Assets to reduce memory usage. Loaded Objects now: 2355.
Total: 2.952700 ms (FindLiveObjects: 0.417800 ms CreateObjectMapping: 0.176900 ms MarkObjects: 2.236900 ms  DeleteObjects: 0.119600 ms)

========================================================================
Received Prepare
Registering precompiled user dll's ...
Registered in 0.001115 seconds.
Begin MonoManager ReloadAssembly
Native extension for WindowsStandalone target not found
Native extension for WebGL target not found
Refreshing native plugins compatible for Editor in 0.65 ms, found 1 plugins.
Preloading 0 native plugins for Editor in 0.00 ms.
Mono: successfully reloaded assembly
- Completed reload, in  0.957 seconds
Platform modules already initialized, skipping
Refreshing native plugins compatible for Editor in 0.69 ms, found 1 plugins.
Preloading 0 native plugins for Editor in 0.00 ms.
Unloading 1817 Unused Serialized files (Serialized files now loaded: 0)
System memory in use before: 88.1 MB.
System memory in use after: 88.2 MB.

Unloading 11 unused Assets to reduce memory usage. Loaded Objects now: 2359.
Total: 2.975100 ms (FindLiveObjects: 0.290600 ms CreateObjectMapping: 0.070500 ms MarkObjects: 2.476500 ms  DeleteObjects: 0.136000 ms)

========================================================================
Received Prepare
Registering precompiled user dll's ...
Registered in 0.001113 seconds.
Begin MonoManager ReloadAssembly
Native extension for WindowsStandalone target not found
Native extension for WebGL target not found
Refreshing native plugins compatible for Editor in 0.62 ms, found 1 plugins.
Preloading 0 native plugins for Editor in 0.00 ms.
Mono: successfully reloaded assembly
- Completed reload, in  0.969 seconds
Platform modules already initialized, skipping
Refreshing native plugins compatible for Editor in 0.71 ms, found 1 plugins.
Preloading 0 native plugins for Editor in 0.00 ms.
Unloading 1817 Unused Serialized files (Serialized files now loaded: 0)
System memory in use before: 88.2 MB.
System memory in use after: 88.2 MB.

Unloading 11 unused Assets to reduce memory usage. Loaded Objects now: 2363.
Total: 2.432800 ms (FindLiveObjects: 0.240900 ms CreateObjectMapping: 0.049100 ms MarkObjects: 2.024300 ms  DeleteObjects: 0.116800 ms)

========================================================================
Received Prepare
Registering precompiled user dll's ...
Registered in 0.001031 seconds.
Begin MonoManager ReloadAssembly
Native extension for WindowsStandalone target not found
Native extension for WebGL target not found
Refreshing native plugins compatible for Editor in 0.67 ms, found 1 plugins.
Preloading 0 native plugins for Editor in 0.00 ms.
Mono: successfully reloaded assembly
- Completed reload, in  0.984 seconds
Platform modules already initialized, skipping
Refreshing native plugins compatible for Editor in 0.62 ms, found 1 plugins.
Preloading 0 native plugins for Editor in 0.00 ms.
Unloading 1817 Unused Serialized files (Serialized files now loaded: 0)
System memory in use before: 88.2 MB.
System memory in use after: 88.2 MB.

Unloading 11 unused Assets to reduce memory usage. Loaded Objects now: 2367.
Total: 2.326800 ms (FindLiveObjects: 0.241300 ms CreateObjectMapping: 0.048700 ms MarkObjects: 1.926000 ms  DeleteObjects: 0.109500 ms)

========================================================================
Received Prepare
Registering precompiled user dll's ...
Registered in 0.001067 seconds.
Begin MonoManager ReloadAssembly
Native extension for WindowsStandalone target not found
Native extension for WebGL target not found
Refreshing native plugins compatible for Editor in 0.67 ms, found 1 plugins.
Preloading 0 native plugins for Editor in 0.00 ms.
Mono: successfully reloaded assembly
- Completed reload, in  0.973 seconds
Platform modules already initialized, skipping
Refreshing native plugins compatible for Editor in 0.61 ms, found 1 plugins.
Preloading 0 native plugins for Editor in 0.00 ms.
Unloading 1817 Unused Serialized files (Serialized files now loaded: 0)
System memory in use before: 88.2 MB.
System memory in use after: 88.2 MB.

Unloading 11 unused Assets to reduce memory usage. Loaded Objects now: 2371.
Total: 2.586200 ms (FindLiveObjects: 0.243500 ms CreateObjectMapping: 0.049700 ms MarkObjects: 2.172600 ms  DeleteObjects: 0.119100 ms)

========================================================================
Received Prepare
Registering precompiled user dll's ...
Registered in 0.001073 seconds.
Begin MonoManager ReloadAssembly
Native extension for WindowsStandalone target not found
Native extension for WebGL target not found
Refreshing native plugins compatible for Editor in 0.86 ms, found 1 plugins.
Preloading 0 native plugins for Editor in 0.00 ms.
Mono: successfully reloaded assembly
- Completed reload, in  0.967 seconds
Platform modules already initialized, skipping
Refreshing native plugins compatible for Editor in 0.95 ms, found 1 plugins.
Preloading 0 native plugins for Editor in 0.00 ms.
Unloading 1817 Unused Serialized files (Serialized files now loaded: 0)
System memory in use before: 88.2 MB.
System memory in use after: 88.2 MB.

Unloading 11 unused Assets to reduce memory usage. Loaded Objects now: 2375.
Total: 2.818500 ms (FindLiveObjects: 0.400700 ms CreateObjectMapping: 0.083600 ms MarkObjects: 2.210900 ms  DeleteObjects: 0.121800 ms)

========================================================================
Received Prepare
Registering precompiled user dll's ...
Registered in 0.001134 seconds.
Begin MonoManager ReloadAssembly
Native extension for WindowsStandalone target not found
Native extension for WebGL target not found
Refreshing native plugins compatible for Editor in 0.63 ms, found 1 plugins.
Preloading 0 native plugins for Editor in 0.00 ms.
Mono: successfully reloaded assembly
- Completed reload, in  0.963 seconds
Platform modules already initialized, skipping
Refreshing native plugins compatible for Editor in 0.85 ms, found 1 plugins.
Preloading 0 native plugins for Editor in 0.00 ms.
Unloading 1817 Unused Serialized files (Serialized files now loaded: 0)
System memory in use before: 88.2 MB.
System memory in use after: 88.2 MB.

Unloading 11 unused Assets to reduce memory usage. Loaded Objects now: 2379.
Total: 3.023700 ms (FindLiveObjects: 0.291000 ms CreateObjectMapping: 0.065800 ms MarkObjects: 2.531800 ms  DeleteObjects: 0.133700 ms)

========================================================================
Received Prepare
Registering precompiled user dll's ...
Registered in 0.001179 seconds.
Begin MonoManager ReloadAssembly
Native extension for WindowsStandalone target not found
Native extension for WebGL target not found
Refreshing native plugins compatible for Editor in 0.62 ms, found 1 plugins.
Preloading 0 native plugins for Editor in 0.00 ms.
Mono: successfully reloaded assembly
- Completed reload, in  0.966 seconds
Platform modules already initialized, skipping
Refreshing native plugins compatible for Editor in 0.63 ms, found 1 plugins.
Preloading 0 native plugins for Editor in 0.00 ms.
Unloading 1817 Unused Serialized files (Serialized files now loaded: 0)
System memory in use before: 88.2 MB.
System memory in use after: 88.2 MB.

Unloading 11 unused Assets to reduce memory usage. Loaded Objects now: 2383.
Total: 3.104500 ms (FindLiveObjects: 0.246200 ms CreateObjectMapping: 0.049500 ms MarkObjects: 2.670400 ms  DeleteObjects: 0.136900 ms)

========================================================================
Received Prepare
Registering precompiled user dll's ...
Registered in 0.001043 seconds.
Begin MonoManager ReloadAssembly
Native extension for WindowsStandalone target not found
Native extension for WebGL target not found
Refreshing native plugins compatible for Editor in 0.87 ms, found 1 plugins.
Preloading 0 native plugins for Editor in 0.00 ms.
Mono: successfully reloaded assembly
- Completed reload, in  0.957 seconds
Platform modules already initialized, skipping
Refreshing native plugins compatible for Editor in 0.61 ms, found 1 plugins.
Preloading 0 native plugins for Editor in 0.00 ms.
Unloading 1817 Unused Serialized files (Serialized files now loaded: 0)
System memory in use before: 88.2 MB.
System memory in use after: 88.2 MB.

Unloading 11 unused Assets to reduce memory usage. Loaded Objects now: 2387.
Total: 2.908700 ms (FindLiveObjects: 0.284600 ms CreateObjectMapping: 0.067400 ms MarkObjects: 2.418800 ms  DeleteObjects: 0.136500 ms)

========================================================================
Received Prepare
Registering precompiled user dll's ...
Registered in 0.001107 seconds.
Begin MonoManager ReloadAssembly
Native extension for WindowsStandalone target not found
Native extension for WebGL target not found
Refreshing native plugins compatible for Editor in 0.61 ms, found 1 plugins.
Preloading 0 native plugins for Editor in 0.00 ms.
Mono: successfully reloaded assembly
- Completed reload, in  0.947 seconds
Platform modules already initialized, skipping
Refreshing native plugins compatible for Editor in 0.64 ms, found 1 plugins.
Preloading 0 native plugins for Editor in 0.00 ms.
Unloading 1817 Unused Serialized files (Serialized files now loaded: 0)
System memory in use before: 88.2 MB.
System memory in use after: 88.2 MB.

Unloading 11 unused Assets to reduce memory usage. Loaded Objects now: 2391.
Total: 2.392000 ms (FindLiveObjects: 0.273900 ms CreateObjectMapping: 0.048400 ms MarkObjects: 1.959600 ms  DeleteObjects: 0.108400 ms)

========================================================================
Received Import Request.
  Time since last request: 3991.433852 seconds.
  path: Assets/Game/Resources/Map/Field.asset
  artifactKey: Guid(932021265bf37874498c1daef6bebd08) Importer(815301076,1909f56bfc062723c751e8b465ee728b)
Start importing Assets/Game/Resources/Map/Field.asset using Guid(932021265bf37874498c1daef6bebd08) Importer(815301076,1909f56bfc062723c751e8b465ee728b)  -> (artifact id: '2a446780446f2e9a62866c1ec180de02') in 0.014200 seconds
  Import took 0.058687 seconds .

========================================================================
Received Prepare
Registering precompiled user dll's ...
Registered in 0.001078 seconds.
Begin MonoManager ReloadAssembly
Native extension for WindowsStandalone target not found
Native extension for WebGL target not found
Refreshing native plugins compatible for Editor in 0.62 ms, found 1 plugins.
Preloading 0 native plugins for Editor in 0.00 ms.
Mono: successfully reloaded assembly
- Completed reload, in  0.984 seconds
Platform modules already initialized, skipping
Refreshing native plugins compatible for Editor in 0.61 ms, found 1 plugins.
Preloading 0 native plugins for Editor in 0.00 ms.
Unloading 1817 Unused Serialized files (Serialized files now loaded: 0)
System memory in use before: 88.2 MB.
System memory in use after: 88.2 MB.

Unloading 11 unused Assets to reduce memory usage. Loaded Objects now: 2395.
Total: 2.532000 ms (FindLiveObjects: 0.337400 ms CreateObjectMapping: 0.072500 ms MarkObjects: 2.003900 ms  DeleteObjects: 0.117000 ms)

========================================================================
Received Prepare
Registering precompiled user dll's ...
Registered in 0.001008 seconds.
Begin MonoManager ReloadAssembly
Native extension for WindowsStandalone target not found
Native extension for WebGL target not found
Refreshing native plugins compatible for Editor in 0.64 ms, found 1 plugins.
Preloading 0 native plugins for Editor in 0.00 ms.
Mono: successfully reloaded assembly
- Completed reload, in  0.950 seconds
Platform modules already initialized, skipping
Refreshing native plugins compatible for Editor in 0.62 ms, found 1 plugins.
Preloading 0 native plugins for Editor in 0.00 ms.
Unloading 1817 Unused Serialized files (Serialized files now loaded: 0)
System memory in use before: 88.2 MB.
System memory in use after: 88.2 MB.

Unloading 11 unused Assets to reduce memory usage. Loaded Objects now: 2399.
Total: 2.592200 ms (FindLiveObjects: 0.313700 ms CreateObjectMapping: 0.064600 ms MarkObjects: 2.097600 ms  DeleteObjects: 0.115100 ms)

========================================================================
Received Import Request.
  Time since last request: 178.652785 seconds.
  path: Assets/Game/Resources/Map/Castle1.asset
  artifactKey: Guid(00ae125e37b75b4458e41738e03b420c) Importer(815301076,1909f56bfc062723c751e8b465ee728b)
Start importing Assets/Game/Resources/Map/Castle1.asset using Guid(00ae125e37b75b4458e41738e03b420c) Importer(815301076,1909f56bfc062723c751e8b465ee728b)  -> (artifact id: '75f20365845ab96fecfa6f73fa10d038') in 0.021077 seconds
  Import took 0.040025 seconds .

========================================================================
Received Import Request.
  Time since last request: 1.228633 seconds.
  path: Assets/Scenes/Castle1-1.unity
  artifactKey: Guid(5b2f18d91b9faa94c8900c7fed457ea0) Importer(815301076,1909f56bfc062723c751e8b465ee728b)
Start importing Assets/Scenes/Castle1-1.unity using Guid(5b2f18d91b9faa94c8900c7fed457ea0) Importer(815301076,1909f56bfc062723c751e8b465ee728b)  -> (artifact id: 'f2f2fed4ab8d496928193d461b5b6d6c') in 0.008086 seconds
  Import took 0.040914 seconds .

========================================================================
Received Import Request.
  Time since last request: 70.967891 seconds.
  path: Assets/Game/Resources/Map/Field.asset
  artifactKey: Guid(932021265bf37874498c1daef6bebd08) Importer(815301076,1909f56bfc062723c751e8b465ee728b)
Start importing Assets/Game/Resources/Map/Field.asset using Guid(932021265bf37874498c1daef6bebd08) Importer(815301076,1909f56bfc062723c751e8b465ee728b)  -> (artifact id: 'f8d9492e5b78b7300f461edcc22971cf') in 0.004399 seconds
  Import took 0.008095 seconds .

========================================================================
Received Prepare
Registering precompiled user dll's ...
Registered in 0.001065 seconds.
Begin MonoManager ReloadAssembly
Native extension for WindowsStandalone target not found
Native extension for WebGL target not found
Refreshing native plugins compatible for Editor in 0.63 ms, found 1 plugins.
Preloading 0 native plugins for Editor in 0.00 ms.
Mono: successfully reloaded assembly
- Completed reload, in  0.961 seconds
Platform modules already initialized, skipping
Refreshing native plugins compatible for Editor in 0.61 ms, found 1 plugins.
Preloading 0 native plugins for Editor in 0.00 ms.
Unloading 1817 Unused Serialized files (Serialized files now loaded: 0)
System memory in use before: 88.3 MB.
System memory in use after: 88.3 MB.

Unloading 11 unused Assets to reduce memory usage. Loaded Objects now: 2403.
Total: 2.617600 ms (FindLiveObjects: 0.286000 ms CreateObjectMapping: 0.054000 ms MarkObjects: 2.151600 ms  DeleteObjects: 0.124300 ms)

========================================================================
Received Prepare
Registering precompiled user dll's ...
Registered in 0.001161 seconds.
Begin MonoManager ReloadAssembly
Native extension for WindowsStandalone target not found
Native extension for WebGL target not found
Refreshing native plugins compatible for Editor in 0.67 ms, found 1 plugins.
Preloading 0 native plugins for Editor in 0.00 ms.
Mono: successfully reloaded assembly
- Completed reload, in  0.968 seconds
Platform modules already initialized, skipping
Refreshing native plugins compatible for Editor in 0.59 ms, found 1 plugins.
Preloading 0 native plugins for Editor in 0.00 ms.
Unloading 1817 Unused Serialized files (Serialized files now loaded: 0)
System memory in use before: 88.3 MB.
System memory in use after: 88.3 MB.

Unloading 11 unused Assets to reduce memory usage. Loaded Objects now: 2407.
Total: 2.684700 ms (FindLiveObjects: 0.353300 ms CreateObjectMapping: 0.064200 ms MarkObjects: 2.140800 ms  DeleteObjects: 0.124600 ms)

========================================================================
Received Prepare
Registering precompiled user dll's ...
Registered in 0.001099 seconds.
Begin MonoManager ReloadAssembly
Native extension for WindowsStandalone target not found
Native extension for WebGL target not found
Refreshing native plugins compatible for Editor in 0.62 ms, found 1 plugins.
Preloading 0 native plugins for Editor in 0.00 ms.
Mono: successfully reloaded assembly
- Completed reload, in  0.958 seconds
Platform modules already initialized, skipping
Refreshing native plugins compatible for Editor in 0.61 ms, found 1 plugins.
Preloading 0 native plugins for Editor in 0.00 ms.
Unloading 1817 Unused Serialized files (Serialized files now loaded: 0)
System memory in use before: 88.3 MB.
System memory in use after: 88.3 MB.

Unloading 11 unused Assets to reduce memory usage. Loaded Objects now: 2411.
Total: 2.291400 ms (FindLiveObjects: 0.251000 ms CreateObjectMapping: 0.050200 ms MarkObjects: 1.881400 ms  DeleteObjects: 0.107700 ms)

========================================================================
Received Import Request.
  Time since last request: 101.153038 seconds.
  path: Assets/Game/Resources/Map/Town1.asset
  artifactKey: Guid(d7832ba9b17ff994f8c417171ee1d2f4) Importer(815301076,1909f56bfc062723c751e8b465ee728b)
Start importing Assets/Game/Resources/Map/Town1.asset using Guid(d7832ba9b17ff994f8c417171ee1d2f4) Importer(815301076,1909f56bfc062723c751e8b465ee728b)  -> (artifact id: '0e3878093fc3cd494125579aa82f2ac8') in 0.019927 seconds
  Import took 0.023688 seconds .

========================================================================
Received Import Request.
  Time since last request: 30.529874 seconds.
  path: Assets/Game/Resources/Map/Castle1.asset
  artifactKey: Guid(00ae125e37b75b4458e41738e03b420c) Importer(815301076,1909f56bfc062723c751e8b465ee728b)
Start importing Assets/Game/Resources/Map/Castle1.asset using Guid(00ae125e37b75b4458e41738e03b420c) Importer(815301076,1909f56bfc062723c751e8b465ee728b)  -> (artifact id: '154a4a6ecb00aa515dc94854066d1730') in 0.004791 seconds
  Import took 0.008138 seconds .

========================================================================
Received Import Request.
  Time since last request: 26.836995 seconds.
  path: Assets/Game/Resources/Map/0Castle1.asset
  artifactKey: Guid(00ae125e37b75b4458e41738e03b420c) Importer(815301076,1909f56bfc062723c751e8b465ee728b)
Start importing Assets/Game/Resources/Map/0Castle1.asset using Guid(00ae125e37b75b4458e41738e03b420c) Importer(815301076,1909f56bfc062723c751e8b465ee728b)  -> (artifact id: '460bbbdcd32e37af1e588f6cf2725caf') in 0.010970 seconds
  Import took 0.026936 seconds .

========================================================================
Received Import Request.
  Time since last request: 2.321420 seconds.
  path: Assets/Game/Resources/Map/1.asset
  artifactKey: Guid(d7832ba9b17ff994f8c417171ee1d2f4) Importer(815301076,1909f56bfc062723c751e8b465ee728b)
Start importing Assets/Game/Resources/Map/1.asset using Guid(d7832ba9b17ff994f8c417171ee1d2f4) Importer(815301076,1909f56bfc062723c751e8b465ee728b)  -> (artifact id: '500d27dc9008703cde9454723b01d443') in 0.009509 seconds
  Import took 0.060577 seconds .

========================================================================
Received Import Request.
  Time since last request: 7.066605 seconds.
  path: Assets/Game/Resources/Map/1-Town1.asset
  artifactKey: Guid(d7832ba9b17ff994f8c417171ee1d2f4) Importer(815301076,1909f56bfc062723c751e8b465ee728b)
Start importing Assets/Game/Resources/Map/1-Town1.asset using Guid(d7832ba9b17ff994f8c417171ee1d2f4) Importer(815301076,1909f56bfc062723c751e8b465ee728b)  -> (artifact id: 'f232dd1f5aeadf0fecb5428b435baa23') in 0.008704 seconds
  Import took 0.022522 seconds .

========================================================================
Received Import Request.
  Time since last request: 3.293289 seconds.
  path: Assets/Game/Resources/Map/0-Castle1.asset
  artifactKey: Guid(00ae125e37b75b4458e41738e03b420c) Importer(815301076,1909f56bfc062723c751e8b465ee728b)
Start importing Assets/Game/Resources/Map/0-Castle1.asset using Guid(00ae125e37b75b4458e41738e03b420c) Importer(815301076,1909f56bfc062723c751e8b465ee728b)  -> (artifact id: 'e766e67879a2c9c0479cd59f0fdb554d') in 0.010860 seconds
  Import took 0.015185 seconds .

========================================================================
Received Prepare
Registering precompiled user dll's ...
Registered in 0.001019 seconds.
Begin MonoManager ReloadAssembly
Native extension for WindowsStandalone target not found
Native extension for WebGL target not found
Refreshing native plugins compatible for Editor in 0.65 ms, found 1 plugins.
Preloading 0 native plugins for Editor in 0.00 ms.
Mono: successfully reloaded assembly
- Completed reload, in  0.970 seconds
Platform modules already initialized, skipping
Refreshing native plugins compatible for Editor in 0.61 ms, found 1 plugins.
Preloading 0 native plugins for Editor in 0.00 ms.
Unloading 1817 Unused Serialized files (Serialized files now loaded: 0)
System memory in use before: 88.3 MB.
System memory in use after: 88.3 MB.

Unloading 11 unused Assets to reduce memory usage. Loaded Objects now: 2415.
Total: 2.406300 ms (FindLiveObjects: 0.263700 ms CreateObjectMapping: 0.053500 ms MarkObjects: 1.974700 ms  DeleteObjects: 0.113300 ms)

========================================================================
Received Prepare
Registering precompiled user dll's ...
Registered in 0.001045 seconds.
Begin MonoManager ReloadAssembly
Native extension for WindowsStandalone target not found
Native extension for WebGL target not found
Refreshing native plugins compatible for Editor in 0.63 ms, found 1 plugins.
Preloading 0 native plugins for Editor in 0.00 ms.
Mono: successfully reloaded assembly
- Completed reload, in  0.963 seconds
Platform modules already initialized, skipping
Refreshing native plugins compatible for Editor in 1.16 ms, found 1 plugins.
Preloading 0 native plugins for Editor in 0.00 ms.
Unloading 1817 Unused Serialized files (Serialized files now loaded: 0)
System memory in use before: 88.3 MB.
System memory in use after: 88.3 MB.

Unloading 11 unused Assets to reduce memory usage. Loaded Objects now: 2419.
Total: 2.953100 ms (FindLiveObjects: 0.401200 ms CreateObjectMapping: 0.084600 ms MarkObjects: 2.311100 ms  DeleteObjects: 0.154400 ms)

========================================================================
Received Prepare
Registering precompiled user dll's ...
Registered in 0.001110 seconds.
Begin MonoManager ReloadAssembly
Native extension for WindowsStandalone target not found
Native extension for WebGL target not found
Refreshing native plugins compatible for Editor in 0.65 ms, found 1 plugins.
Preloading 0 native plugins for Editor in 0.00 ms.
Mono: successfully reloaded assembly
- Completed reload, in  0.947 seconds
Platform modules already initialized, skipping
Refreshing native plugins compatible for Editor in 0.61 ms, found 1 plugins.
Preloading 0 native plugins for Editor in 0.00 ms.
Unloading 1817 Unused Serialized files (Serialized files now loaded: 0)
System memory in use before: 88.3 MB.
System memory in use after: 88.3 MB.

Unloading 11 unused Assets to reduce memory usage. Loaded Objects now: 2423.
Total: 2.368400 ms (FindLiveObjects: 0.266000 ms CreateObjectMapping: 0.051300 ms MarkObjects: 1.932400 ms  DeleteObjects: 0.117400 ms)

========================================================================
Received Prepare
Registering precompiled user dll's ...
Registered in 0.001117 seconds.
Begin MonoManager ReloadAssembly
Native extension for WindowsStandalone target not found
Native extension for WebGL target not found
Refreshing native plugins compatible for Editor in 0.89 ms, found 1 plugins.
Preloading 0 native plugins for Editor in 0.00 ms.
Mono: successfully reloaded assembly
- Completed reload, in  1.002 seconds
Platform modules already initialized, skipping
Refreshing native plugins compatible for Editor in 0.63 ms, found 1 plugins.
Preloading 0 native plugins for Editor in 0.00 ms.
Unloading 1817 Unused Serialized files (Serialized files now loaded: 0)
System memory in use before: 88.3 MB.
System memory in use after: 88.3 MB.

Unloading 11 unused Assets to reduce memory usage. Loaded Objects now: 2427.
Total: 2.590200 ms (FindLiveObjects: 0.286300 ms CreateObjectMapping: 0.055000 ms MarkObjects: 2.123500 ms  DeleteObjects: 0.123700 ms)

========================================================================
Received Prepare
Registering precompiled user dll's ...
Registered in 0.001023 seconds.
Begin MonoManager ReloadAssembly
Native extension for WindowsStandalone target not found
Native extension for WebGL target not found
Refreshing native plugins compatible for Editor in 0.63 ms, found 1 plugins.
Preloading 0 native plugins for Editor in 0.00 ms.
Mono: successfully reloaded assembly
- Completed reload, in  0.983 seconds
Platform modules already initialized, skipping
Refreshing native plugins compatible for Editor in 0.92 ms, found 1 plugins.
Preloading 0 native plugins for Editor in 0.00 ms.
Unloading 1817 Unused Serialized files (Serialized files now loaded: 0)
System memory in use before: 88.3 MB.
System memory in use after: 88.3 MB.

Unloading 11 unused Assets to reduce memory usage. Loaded Objects now: 2431.
Total: 2.892100 ms (FindLiveObjects: 0.404800 ms CreateObjectMapping: 0.087800 ms MarkObjects: 2.273600 ms  DeleteObjects: 0.124400 ms)

========================================================================
Received Prepare
Registering precompiled user dll's ...
Registered in 0.001162 seconds.
Begin MonoManager ReloadAssembly
Native extension for WindowsStandalone target not found
Native extension for WebGL target not found
Refreshing native plugins compatible for Editor in 0.69 ms, found 1 plugins.
Preloading 0 native plugins for Editor in 0.00 ms.
Mono: successfully reloaded assembly
- Completed reload, in  1.009 seconds
Platform modules already initialized, skipping
Refreshing native plugins compatible for Editor in 0.65 ms, found 1 plugins.
Preloading 0 native plugins for Editor in 0.00 ms.
Unloading 1817 Unused Serialized files (Serialized files now loaded: 0)
System memory in use before: 88.3 MB.
System memory in use after: 88.3 MB.

Unloading 11 unused Assets to reduce memory usage. Loaded Objects now: 2435.
Total: 3.073500 ms (FindLiveObjects: 0.296700 ms CreateObjectMapping: 0.060200 ms MarkObjects: 2.590200 ms  DeleteObjects: 0.124600 ms)

========================================================================
Received Import Request.
  Time since last request: 1059.813631 seconds.
  path: Assets/Game/Resources/Map/0-Castle1.asset
  artifactKey: Guid(00ae125e37b75b4458e41738e03b420c) Importer(815301076,1909f56bfc062723c751e8b465ee728b)
Start importing Assets/Game/Resources/Map/0-Castle1.asset using Guid(00ae125e37b75b4458e41738e03b420c) Importer(815301076,1909f56bfc062723c751e8b465ee728b)  -> (artifact id: 'cae7e46b239011bc98aac97876d71dda') in 0.017742 seconds
  Import took 0.361659 seconds .

========================================================================
Received Import Request.
  Time since last request: 14.415495 seconds.
  path: Assets/Scenes/Castle1-1.unity
  artifactKey: Guid(5b2f18d91b9faa94c8900c7fed457ea0) Importer(815301076,1909f56bfc062723c751e8b465ee728b)
Start importing Assets/Scenes/Castle1-1.unity using Guid(5b2f18d91b9faa94c8900c7fed457ea0) Importer(815301076,1909f56bfc062723c751e8b465ee728b)  -> (artifact id: '69081a956df5cfbec270a35006efeb94') in 0.004475 seconds
  Import took 0.047774 seconds .

========================================================================
Received Prepare
Registering precompiled user dll's ...
Registered in 0.001077 seconds.
Begin MonoManager ReloadAssembly
Native extension for WindowsStandalone target not found
Native extension for WebGL target not found
Refreshing native plugins compatible for Editor in 0.64 ms, found 1 plugins.
Preloading 0 native plugins for Editor in 0.00 ms.
Mono: successfully reloaded assembly
- Completed reload, in  1.058 seconds
Platform modules already initialized, skipping
Refreshing native plugins compatible for Editor in 0.76 ms, found 1 plugins.
Preloading 0 native plugins for Editor in 0.00 ms.
Unloading 1817 Unused Serialized files (Serialized files now loaded: 0)
System memory in use before: 88.3 MB.
System memory in use after: 88.4 MB.

Unloading 11 unused Assets to reduce memory usage. Loaded Objects now: 2439.
Total: 2.958700 ms (FindLiveObjects: 0.292700 ms CreateObjectMapping: 0.053400 ms MarkObjects: 2.426100 ms  DeleteObjects: 0.184800 ms)

========================================================================
Received Prepare
Registering precompiled user dll's ...
Registered in 0.001367 seconds.
Begin MonoManager ReloadAssembly
Native extension for WindowsStandalone target not found
Native extension for WebGL target not found
Refreshing native plugins compatible for Editor in 0.62 ms, found 1 plugins.
Preloading 0 native plugins for Editor in 0.00 ms.
Mono: successfully reloaded assembly
- Completed reload, in  0.946 seconds
Platform modules already initialized, skipping
Refreshing native plugins compatible for Editor in 0.62 ms, found 1 plugins.
Preloading 0 native plugins for Editor in 0.00 ms.
Unloading 1817 Unused Serialized files (Serialized files now loaded: 0)
System memory in use before: 88.3 MB.
System memory in use after: 88.4 MB.

Unloading 11 unused Assets to reduce memory usage. Loaded Objects now: 2443.
Total: 2.661500 ms (FindLiveObjects: 0.312700 ms CreateObjectMapping: 0.069200 ms MarkObjects: 2.159500 ms  DeleteObjects: 0.118400 ms)

========================================================================
Received Import Request.
  Time since last request: 112.885866 seconds.
  path: Assets/Game/Resources/Map/0-Castle1.asset
  artifactKey: Guid(00ae125e37b75b4458e41738e03b420c) Importer(815301076,1909f56bfc062723c751e8b465ee728b)
Start importing Assets/Game/Resources/Map/0-Castle1.asset using Guid(00ae125e37b75b4458e41738e03b420c) Importer(815301076,1909f56bfc062723c751e8b465ee728b)  -> (artifact id: '0ea079e9b652114233744a3036cf3d3d') in 0.016730 seconds
  Import took 0.034554 seconds .

========================================================================
Received Import Request.
  Time since last request: 60.783219 seconds.
  path: Assets/Game/Resources/Map/0-Castle1-1.asset
  artifactKey: Guid(00ae125e37b75b4458e41738e03b420c) Importer(815301076,1909f56bfc062723c751e8b465ee728b)
Start importing Assets/Game/Resources/Map/0-Castle1-1.asset using Guid(00ae125e37b75b4458e41738e03b420c) Importer(815301076,1909f56bfc062723c751e8b465ee728b)  -> (artifact id: '4880759730518b3f7f34e55d8fd9f377') in 0.008829 seconds
  Import took 0.021898 seconds .

========================================================================
Received Import Request.
  Time since last request: 11.349507 seconds.
  path: Assets/Game/Resources/Map/Field.asset
  artifactKey: Guid(932021265bf37874498c1daef6bebd08) Importer(815301076,1909f56bfc062723c751e8b465ee728b)
Start importing Assets/Game/Resources/Map/Field.asset using Guid(932021265bf37874498c1daef6bebd08) Importer(815301076,1909f56bfc062723c751e8b465ee728b)  -> (artifact id: '2453c0b84f17d0669c53a83e0f73e566') in 0.004379 seconds
  Import took 0.026169 seconds .

========================================================================
Received Import Request.
  Time since last request: 13.280877 seconds.
  path: Assets/Game/Resources/Map/0-Castle1-1 1.asset
  artifactKey: Guid(f6239c9bd9aae7a4898774b16c6215fa) Importer(815301076,1909f56bfc062723c751e8b465ee728b)
Start importing Assets/Game/Resources/Map/0-Castle1-1 1.asset using Guid(f6239c9bd9aae7a4898774b16c6215fa) Importer(815301076,1909f56bfc062723c751e8b465ee728b)  -> (artifact id: 'e9bb79555a234c0973664c9ceff75d90') in 0.009347 seconds
  Import took 0.027269 seconds .

========================================================================
Received Import Request.
  Time since last request: 0.002128 seconds.
  path: Assets/Game/Resources/Map/0-Castle1-1 1.asset
  artifactKey: Guid(f6239c9bd9aae7a4898774b16c6215fa) Importer(815301076,1909f56bfc062723c751e8b465ee728b)
Start importing Assets/Game/Resources/Map/0-Castle1-1 1.asset using Guid(f6239c9bd9aae7a4898774b16c6215fa) Importer(815301076,1909f56bfc062723c751e8b465ee728b)  -> (artifact id: 'e9bb79555a234c0973664c9ceff75d90') in 0.020205 seconds
  Import took 0.023659 seconds .

========================================================================
Received Import Request.
  Time since last request: 5.532685 seconds.
  path: Assets/Game/Resources/Map/Castle1-2.asset
  artifactKey: Guid(f6239c9bd9aae7a4898774b16c6215fa) Importer(815301076,1909f56bfc062723c751e8b465ee728b)
Start importing Assets/Game/Resources/Map/Castle1-2.asset using Guid(f6239c9bd9aae7a4898774b16c6215fa) Importer(815301076,1909f56bfc062723c751e8b465ee728b)  -> (artifact id: 'e5acd12a809a1de8b61569b9e8af049e') in 0.009436 seconds
  Import took 0.026305 seconds .

========================================================================
Received Import Request.
  Time since last request: 0.023590 seconds.
  path: Assets/Game/Resources/Map/1-Town1.asset
  artifactKey: Guid(d7832ba9b17ff994f8c417171ee1d2f4) Importer(815301076,1909f56bfc062723c751e8b465ee728b)
Start importing Assets/Game/Resources/Map/1-Town1.asset using Guid(d7832ba9b17ff994f8c417171ee1d2f4) Importer(815301076,1909f56bfc062723c751e8b465ee728b)  -> (artifact id: 'ba9c7989356efe0f14db2a26816649e3') in 0.002774 seconds
  Import took 0.022491 seconds .

========================================================================
Received Import Request.
  Time since last request: 15.795142 seconds.
  path: Assets/Game/Resources/Map/Castle1-1.asset
  artifactKey: Guid(00ae125e37b75b4458e41738e03b420c) Importer(815301076,1909f56bfc062723c751e8b465ee728b)
Start importing Assets/Game/Resources/Map/Castle1-1.asset using Guid(00ae125e37b75b4458e41738e03b420c) Importer(815301076,1909f56bfc062723c751e8b465ee728b)  -> (artifact id: '1348871c1d85f51ffa7c620f15cb2d4f') in 0.007090 seconds
  Import took 0.039116 seconds .

========================================================================
Received Import Request.
  Time since last request: 7.222907 seconds.
  path: Assets/Game/Resources/Map/Town1.asset
  artifactKey: Guid(d7832ba9b17ff994f8c417171ee1d2f4) Importer(815301076,1909f56bfc062723c751e8b465ee728b)
Start importing Assets/Game/Resources/Map/Town1.asset using Guid(d7832ba9b17ff994f8c417171ee1d2f4) Importer(815301076,1909f56bfc062723c751e8b465ee728b)  -> (artifact id: '3672b92099b6898872bf11ccae4db2fc') in 0.002498 seconds
  Import took 0.005710 seconds .

========================================================================
Received Prepare
Registering precompiled user dll's ...
Registered in 0.001144 seconds.
Begin MonoManager ReloadAssembly
Native extension for WindowsStandalone target not found
Native extension for WebGL target not found
Refreshing native plugins compatible for Editor in 0.63 ms, found 1 plugins.
Preloading 0 native plugins for Editor in 0.00 ms.
Mono: successfully reloaded assembly
- Completed reload, in  0.960 seconds
Platform modules already initialized, skipping
Refreshing native plugins compatible for Editor in 0.74 ms, found 1 plugins.
Preloading 0 native plugins for Editor in 0.00 ms.
Unloading 1817 Unused Serialized files (Serialized files now loaded: 0)
System memory in use before: 88.4 MB.
System memory in use after: 88.4 MB.

Unloading 11 unused Assets to reduce memory usage. Loaded Objects now: 2447.
Total: 2.824900 ms (FindLiveObjects: 0.384200 ms CreateObjectMapping: 0.056800 ms MarkObjects: 2.245700 ms  DeleteObjects: 0.136300 ms)

========================================================================
Received Prepare
Registering precompiled user dll's ...
Registered in 0.001129 seconds.
Begin MonoManager ReloadAssembly
Native extension for WindowsStandalone target not found
Native extension for WebGL target not found
Refreshing native plugins compatible for Editor in 0.61 ms, found 1 plugins.
Preloading 0 native plugins for Editor in 0.00 ms.
Mono: successfully reloaded assembly
- Completed reload, in  0.976 seconds
Platform modules already initialized, skipping
Refreshing native plugins compatible for Editor in 0.61 ms, found 1 plugins.
Preloading 0 native plugins for Editor in 0.00 ms.
Unloading 1817 Unused Serialized files (Serialized files now loaded: 0)
System memory in use before: 88.4 MB.
System memory in use after: 88.4 MB.

Unloading 11 unused Assets to reduce memory usage. Loaded Objects now: 2451.
Total: 2.570700 ms (FindLiveObjects: 0.276900 ms CreateObjectMapping: 0.052800 ms MarkObjects: 2.120400 ms  DeleteObjects: 0.119300 ms)

========================================================================
Received Prepare
Registering precompiled user dll's ...
Registered in 0.001153 seconds.
Begin MonoManager ReloadAssembly
Native extension for WindowsStandalone target not found
Native extension for WebGL target not found
Refreshing native plugins compatible for Editor in 0.63 ms, found 1 plugins.
Preloading 0 native plugins for Editor in 0.00 ms.
Mono: successfully reloaded assembly
- Completed reload, in  0.947 seconds
Platform modules already initialized, skipping
Refreshing native plugins compatible for Editor in 0.64 ms, found 1 plugins.
Preloading 0 native plugins for Editor in 0.00 ms.
Unloading 1817 Unused Serialized files (Serialized files now loaded: 0)
System memory in use before: 88.4 MB.
System memory in use after: 88.4 MB.

Unloading 11 unused Assets to reduce memory usage. Loaded Objects now: 2455.
Total: 2.460200 ms (FindLiveObjects: 0.306800 ms CreateObjectMapping: 0.055100 ms MarkObjects: 1.977700 ms  DeleteObjects: 0.119500 ms)

========================================================================
Received Import Request.
  Time since last request: 753.125033 seconds.
  path: Assets/Game/Resources/Map/Castle1-2.asset
  artifactKey: Guid(f6239c9bd9aae7a4898774b16c6215fa) Importer(815301076,1909f56bfc062723c751e8b465ee728b)
Start importing Assets/Game/Resources/Map/Castle1-2.asset using Guid(f6239c9bd9aae7a4898774b16c6215fa) Importer(815301076,1909f56bfc062723c751e8b465ee728b)  -> (artifact id: '253e0f1bf25a3db76195be3e76558912') in 0.014321 seconds
  Import took 0.376408 seconds .

========================================================================
Received Import Request.
  Time since last request: 0.317953 seconds.
  path: Assets/Game/Resources/Map/Castle1-1.asset
  artifactKey: Guid(00ae125e37b75b4458e41738e03b420c) Importer(815301076,1909f56bfc062723c751e8b465ee728b)
Start importing Assets/Game/Resources/Map/Castle1-1.asset using Guid(00ae125e37b75b4458e41738e03b420c) Importer(815301076,1909f56bfc062723c751e8b465ee728b)  -> (artifact id: '365168c8d2f570ba418e00b838514045') in 0.002558 seconds
  Import took 0.005917 seconds .

========================================================================
Received Prepare
Registering precompiled user dll's ...
Registered in 0.001362 seconds.
Begin MonoManager ReloadAssembly
Native extension for WindowsStandalone target not found
Native extension for WebGL target not found
Refreshing native plugins compatible for Editor in 0.66 ms, found 1 plugins.
Preloading 0 native plugins for Editor in 0.00 ms.
Mono: successfully reloaded assembly
- Completed reload, in  0.944 seconds
Platform modules already initialized, skipping
Refreshing native plugins compatible for Editor in 0.60 ms, found 1 plugins.
Preloading 0 native plugins for Editor in 0.00 ms.
Unloading 1817 Unused Serialized files (Serialized files now loaded: 0)
System memory in use before: 88.4 MB.
System memory in use after: 88.4 MB.

Unloading 11 unused Assets to reduce memory usage. Loaded Objects now: 2459.
Total: 3.581300 ms (FindLiveObjects: 0.401000 ms CreateObjectMapping: 0.095300 ms MarkObjects: 2.928000 ms  DeleteObjects: 0.155500 ms)

========================================================================
Received Import Request.
  Time since last request: 96.640753 seconds.
  path: Assets/Scenes/Field.unity
  artifactKey: Guid(d528a6dc8012e8d40a96522daf6bc431) Importer(815301076,1909f56bfc062723c751e8b465ee728b)
Start importing Assets/Scenes/Field.unity using Guid(d528a6dc8012e8d40a96522daf6bc431) Importer(815301076,1909f56bfc062723c751e8b465ee728b)  -> (artifact id: 'bf3706f03422dbcf11b3a2e6f877b541') in 0.016586 seconds
  Import took 0.019992 seconds .

========================================================================
Received Import Request.
  Time since last request: 22.027110 seconds.
  path: Assets/Scenes/Town1.unity
  artifactKey: Guid(291bda1c8bffe504aa363234dcace6ce) Importer(815301076,1909f56bfc062723c751e8b465ee728b)
Start importing Assets/Scenes/Town1.unity using Guid(291bda1c8bffe504aa363234dcace6ce) Importer(815301076,1909f56bfc062723c751e8b465ee728b)  -> (artifact id: 'dc91be3d7c7e2e04e1ad2ea18937cb3f') in 0.007240 seconds
  Import took 0.028719 seconds .

========================================================================
Received Prepare
Registering precompiled user dll's ...
Registered in 0.001284 seconds.
Begin MonoManager ReloadAssembly
Native extension for WindowsStandalone target not found
Native extension for WebGL target not found
Refreshing native plugins compatible for Editor in 0.85 ms, found 1 plugins.
Preloading 0 native plugins for Editor in 0.00 ms.
Mono: successfully reloaded assembly
- Completed reload, in  0.967 seconds
Platform modules already initialized, skipping
Refreshing native plugins compatible for Editor in 0.58 ms, found 1 plugins.
Preloading 0 native plugins for Editor in 0.00 ms.
Unloading 1817 Unused Serialized files (Serialized files now loaded: 0)
System memory in use before: 88.4 MB.
System memory in use after: 88.4 MB.

Unloading 11 unused Assets to reduce memory usage. Loaded Objects now: 2463.
Total: 2.612300 ms (FindLiveObjects: 0.273600 ms CreateObjectMapping: 0.051500 ms MarkObjects: 2.160200 ms  DeleteObjects: 0.125700 ms)

========================================================================
Received Prepare
Registering precompiled user dll's ...
Registered in 0.001039 seconds.
Begin MonoManager ReloadAssembly
Native extension for WindowsStandalone target not found
Native extension for WebGL target not found
Refreshing native plugins compatible for Editor in 0.66 ms, found 1 plugins.
Preloading 0 native plugins for Editor in 0.00 ms.
Mono: successfully reloaded assembly
- Completed reload, in  0.947 seconds
Platform modules already initialized, skipping
Refreshing native plugins compatible for Editor in 0.63 ms, found 1 plugins.
Preloading 0 native plugins for Editor in 0.00 ms.
Unloading 1817 Unused Serialized files (Serialized files now loaded: 0)
System memory in use before: 88.4 MB.
System memory in use after: 88.4 MB.

Unloading 11 unused Assets to reduce memory usage. Loaded Objects now: 2467.
Total: 2.778500 ms (FindLiveObjects: 0.402000 ms CreateObjectMapping: 0.085900 ms MarkObjects: 2.172200 ms  DeleteObjects: 0.117100 ms)

========================================================================
Received Import Request.
  Time since last request: 142.441110 seconds.
  path: Assets/Game/Resources/Map/Castle1-2.asset
  artifactKey: Guid(f6239c9bd9aae7a4898774b16c6215fa) Importer(815301076,1909f56bfc062723c751e8b465ee728b)
Start importing Assets/Game/Resources/Map/Castle1-2.asset using Guid(f6239c9bd9aae7a4898774b16c6215fa) Importer(815301076,1909f56bfc062723c751e8b465ee728b)  -> (artifact id: '52b0056a887cb6715561acdbbc90c895') in 0.013993 seconds
  Import took 0.017765 seconds .

========================================================================
Received Import Request.
  Time since last request: 0.006079 seconds.
  path: Assets/Game/Resources/Map/Castle1-2.asset
  artifactKey: Guid(f6239c9bd9aae7a4898774b16c6215fa) Importer(815301076,1909f56bfc062723c751e8b465ee728b)
Start importing Assets/Game/Resources/Map/Castle1-2.asset using Guid(f6239c9bd9aae7a4898774b16c6215fa) Importer(815301076,1909f56bfc062723c751e8b465ee728b)  -> (artifact id: '52b0056a887cb6715561acdbbc90c895') in 0.002501 seconds
  Import took 0.005695 seconds .

========================================================================
Received Prepare
Registering precompiled user dll's ...
Registered in 0.001317 seconds.
Begin MonoManager ReloadAssembly
Native extension for WindowsStandalone target not found
Native extension for WebGL target not found
Refreshing native plugins compatible for Editor in 0.62 ms, found 1 plugins.
Preloading 0 native plugins for Editor in 0.00 ms.
Mono: successfully reloaded assembly
- Completed reload, in  0.971 seconds
Platform modules already initialized, skipping
Refreshing native plugins compatible for Editor in 0.97 ms, found 1 plugins.
Preloading 0 native plugins for Editor in 0.00 ms.
Unloading 1817 Unused Serialized files (Serialized files now loaded: 0)
System memory in use before: 88.4 MB.
System memory in use after: 88.4 MB.

Unloading 11 unused Assets to reduce memory usage. Loaded Objects now: 2471.
Total: 2.479500 ms (FindLiveObjects: 0.288400 ms CreateObjectMapping: 0.051300 ms MarkObjects: 2.015200 ms  DeleteObjects: 0.123000 ms)

